<?xml version="1.0" encoding="UTF-8" ?>
<testsuite failures="0" time="0.36" errors="0" skipped="0" tests="7" name="ohtu.KauppaTest">
  <properties>
[...]
</properties>
  <testcase time="0.357" classname="ohtu.KauppaTest" name="yhdenOstoksenPaatyttyaPankinMetodiaTilisiirtoKutsutaanOikeillaParametreilla"/>
  <testcase time="0" classname="ohtu.KauppaTest" name="kaksiEriOstostaSuoritetaanOikeillaTilisiirtoMetodinParametreilla"/>
  <testcase time="0.001" classname="ohtu.KauppaTest" name="kaksiSamaaOstostaKunSaldoOnTarpeeksiSuoritetaanOikeillaParametreilla"/>
  <testcase time="0" classname="ohtu.KauppaTest" name="kaksiEriOstostaJoistaToinenLoppuSuoritetaanOikeillaParametreilla"/>
  <testcase time="0" classname="ohtu.KauppaTest" name="metodiaAloitaAsiointiKutsuttaessaEdellisetOstoksetOnNollattu"/>
  <testcase time="0.001" classname="ohtu.KauppaTest" name="kauppaPyytaaUudenViitteenJokaiselleMaksutapahtumalle"/>
  <testcase time="0.001" classname="ohtu.KauppaTest" name="metodiaPoistaKoristaKutsuttaessaOikeaTuotePoistetaan"/>
</testsuite>